Commit #1
commit 642c0273f1d1b8c5a91e784e90d221b2bb8720e4
Author: SoloAsural <WZ9459@163.com>
Date:   Sat Mar 16 08:41:39 2024 +0800

    在脚本中判断下今天第几次提交
------------------------------------------------
Commit #1
commit 088ab3fcad73c6edfbe04e45f3f3675b44d4ec93
Author: SoloAsural <WZ9459@163.com>
Date:   Sat Mar 16 08:42:04 2024 +0800

    在脚本中判断下今天第几次提交2
------------------------------------------------
Commit #1
commit fc4cad0d832b62cd0f318e570a1f567515401ebd
Author: SoloAsural <WZ9459@163.com>
Date:   Sat Mar 16 08:46:19 2024 +0800

    ds
------------==--=-Commit #1------====-----------
Commit #1
commit e315556decc0054bc5fcaa47e3ddff325d37deb9
Author: SoloAsural <WZ9459@163.com>
Date:   Sat Mar 16 08:47:52 2024 +0800

    s
---------------Commit #1-----------------
Commit #1
commit 3096161f1466c4d8baf0521c81ddffbbbddf67d6
Author: SoloAsural <WZ9459@163.com>
Date:   Sat Mar 16 08:48:00 2024 +0800

    e
-----------------Commit #06--------------------
Commit #15
commit 3d0e332026108af586b0be600dd3eddf0c412234
Author: SoloAsural <WZ9459@163.com>
Date:   Sat Mar 16 08:53:15 2024 +0800

    w
---------------Commit #15-----------------
Commit #16
commit b569ba1391ba3a1be30805e6dfb7565a2f54e1b0
Author: SoloAsural <WZ9459@163.com>
Date:   Sat Mar 16 08:58:59 2024 +0800

    ds
-----------------Commit #16--------------------
