-----------------Commit #06--------------------
commit 674298771a736825b6900d9cabc97f8fc38c17ef
Author: SoloAsural <WZ9459@163.com>
Date:   Sun Mar 17 22:40:18 2024 +0800

    “121”

-----------------Commit #05--------------------
commit f522f30edac1126cd734495a7942cfcdfc275671
Author: SoloAsural <WZ9459@163.com>
Date:   Sun Mar 17 22:27:47 2024 +0800

    Github Action 自动部署. 2024-03-17 22:27:41

-----------------Commit #04--------------------
commit b26e79d11aadc763253001c8a11966297982e2cf
Author: SoloAsural <WZ9459@163.com>
Date:   Sun Mar 17 21:02:13 2024 +0800

    Github Action 自动部署. 2024-03-17 21:02:10

-----------------Commit #03--------------------
commit 4fbe1fa21e168d963ff135116f8f0778f5206302
Author: SoloAsural <WZ9459@163.com>
Date:   Sun Mar 17 20:54:30 2024 +0800

    3

-----------------Commit #02--------------------
commit a3e55657ee8e7f3cc95a94df3073f5d0d07babd0
Author: SoloAsural <WZ9459@163.com>
Date:   Sun Mar 17 20:54:20 2024 +0800

    2

-----------------Commit #01--------------------
commit 6b1228837edf303b81a95495de82a68d65d964ef
Author: SoloAsural <WZ9459@163.com>
Date:   Sun Mar 17 20:53:21 2024 +0800

    Github Action 自动部署. 2024-03-17 20:53:18
